<?xml version="1.0" encoding="UTF-8"?>
<Site BuildName="(empty)"
	BuildStamp="20230609-0632-Experimental"
	Name="(empty)"
	Generator="ctest-3.26.4"
	CompilerName=""
	CompilerVersion=""
	OSName="Windows"
	Hostname="DESKTOP-TBENIMV"
	OSRelease=" Professional"
	OSVersion=" (Build 19045)"
	OSPlatform="AMD64"
	Is64Bits="1"
	VendorString="AuthenticAMD"
	VendorID="Advanced Micro Devices"
	FamilyID="15"
	ModelID="0"
	ProcessorCacheSize="64"
	NumberOfLogicalCPU="12"
	NumberOfPhysicalCPU="6"
	TotalVirtualMemory="37417"
	TotalPhysicalMemory="32553"
	LogicalProcessorsPerPhysical="2"
	ProcessorClockFrequency="3892"
	>
	<Testing>
		<StartDateTime>Jun 09 01:32 Central Daylight Time</StartDateTime>
		<StartTestTime>1686292374</StartTestTime>
		<TestList/>
		<EndDateTime>Jun 09 01:32 Central Daylight Time</EndDateTime>
		<EndTestTime>1686292374</EndTestTime>
		<ElapsedMinutes>0</ElapsedMinutes>
	</Testing>
</Site>
